# JRE version: OpenJDK Runtime Environment (11.0.8+10) (build 11.0.8+10-b944.6842174)
# Java VM: OpenJDK 64-Bit Server VM (11.0.8+10-b944.6842174, mixed mode, tiered, compressed oops, g1 gc, windows-amd64)
Heap:
 garbage-first heap   total 157696K, used 99561K [0x0000000080000000, 0x0000000100000000)
  region size 1024K, 3 young (3072K), 1 survivors (1024K)
 Metaspace       used 88931K, capacity 91307K, committed 91564K, reserved 1128448K
  class space    used 11111K, capacity 11919K, committed 12032K, reserved 1048576K
GC Heap History (20 events):
Event: 17.135 GC heap after
{Heap after GC invocations=29 (full 0):
 garbage-first heap   total 131072K, used 73441K [0x0000000080000000, 0x0000000100000000)
  region size 1024K, 2 young (2048K), 2 survivors (2048K)
 Metaspace       used 79296K, capacity 81308K, committed 81580K, reserved 1120256K
  class space    used 10267K, capacity 10951K, committed 11008K, reserved 1048576K
}
Event: 19.054 GC heap before
{Heap before GC invocations=30 (full 0):
 garbage-first heap   total 131072K, used 100065K [0x0000000080000000, 0x0000000100000000)
  region size 1024K, 29 young (29696K), 2 survivors (2048K)
 Metaspace       used 80444K, capacity 82449K, committed 82732K, reserved 1120256K
  class space    used 10374K, capacity 11038K, committed 11136K, reserved 1048576K
}
Event: 19.060 GC heap after
{Heap after GC invocations=31 (full 0):
 garbage-first heap   total 131072K, used 77178K [0x0000000080000000, 0x0000000100000000)
  region size 1024K, 4 young (4096K), 4 survivors (4096K)
 Metaspace       used 80444K, capacity 82449K, committed 82732K, reserved 1120256K
  class space    used 10374K, capacity 11038K, committed 11136K, reserved 1048576K
}
Event: 19.066 GC heap before
{Heap before GC invocations=31 (full 0):
 garbage-first heap   total 131072K, used 79226K [0x0000000080000000, 0x0000000100000000)
  region size 1024K, 6 young (6144K), 4 survivors (4096K)
 Metaspace       used 80447K, capacity 82449K, committed 82732K, reserved 1120256K
  class space    used 10374K, capacity 11038K, committed 11136K, reserved 1048576K
}
Event: 19.072 GC heap after
{Heap after GC invocations=32 (full 0):
 garbage-first heap   total 157696K, used 76190K [0x0000000080000000, 0x0000000100000000)
  region size 1024K, 1 young (1024K), 1 survivors (1024K)
 Metaspace       used 80447K, capacity 82449K, committed 82732K, reserved 1120256K
  class space    used 10374K, capacity 11038K, committed 11136K, reserved 1048576K
}
Event: 19.744 GC heap before
{Heap before GC invocations=32 (full 0):
 garbage-first heap   total 157696K, used 112030K [0x0000000080000000, 0x0000000100000000)
  region size 1024K, 37 young (37888K), 1 survivors (1024K)
 Metaspace       used 81646K, capacity 83761K, committed 83884K, reserved 1122304K
  class space    used 10523K, capacity 11217K, committed 11264K, reserved 1048576K
}
Event: 19.748 GC heap after
{Heap after GC invocations=33 (full 0):
 garbage-first heap   total 157696K, used 77335K [0x0000000080000000, 0x0000000100000000)
  region size 1024K, 2 young (2048K), 2 survivors (2048K)
 Metaspace       used 81646K, capacity 83761K, committed 83884K, reserved 1122304K
  class space    used 10523K, capacity 11217K, committed 11264K, reserved 1048576K
}
Event: 188.925 GC heap before
{Heap before GC invocations=34 (full 0):
 garbage-first heap   total 157696K, used 125463K [0x0000000080000000, 0x0000000100000000)
  region size 1024K, 40 young (40960K), 2 survivors (2048K)
 Metaspace       used 85627K, capacity 87733K, committed 87980K, reserved 1126400K
  class space    used 10813K, capacity 11510K, committed 11520K, reserved 1048576K
}
Event: 188.930 GC heap after
{Heap after GC invocations=35 (full 0):
 garbage-first heap   total 157696K, used 78991K [0x0000000080000000, 0x0000000100000000)
  region size 1024K, 4 young (4096K), 4 survivors (4096K)
 Metaspace       used 85627K, capacity 87733K, committed 87980K, reserved 1126400K
  class space    used 10813K, capacity 11510K, committed 11520K, reserved 1048576K
}
Event: 189.389 GC heap before
{Heap before GC invocations=35 (full 0):
 garbage-first heap   total 157696K, used 117903K [0x0000000080000000, 0x0000000100000000)
  region size 1024K, 43 young (44032K), 4 survivors (4096K)
 Metaspace       used 85888K, capacity 88088K, committed 88236K, reserved 1126400K
  class space    used 10817K, capacity 11516K, committed 11520K, reserved 1048576K
}
Event: 189.395 GC heap after
{Heap after GC invocations=36 (full 0):
 garbage-first heap   total 157696K, used 81822K [0x0000000080000000, 0x0000000100000000)
  region size 1024K, 5 young (5120K), 5 survivors (5120K)
 Metaspace       used 85888K, capacity 88088K, committed 88236K, reserved 1126400K
  class space    used 10817K, capacity 11516K, committed 11520K, reserved 1048576K
}
Event: 191.059 GC heap before
{Heap before GC invocations=36 (full 0):
 garbage-first heap   total 157696K, used 120734K [0x0000000080000000, 0x0000000100000000)
  region size 1024K, 44 young (45056K), 5 survivors (5120K)
 Metaspace       used 86055K, capacity 88174K, committed 88236K, reserved 1126400K
  class space    used 10821K, capacity 11519K, committed 11520K, reserved 1048576K
}
Event: 191.067 GC heap after
{Heap after GC invocations=37 (full 0):
 garbage-first heap   total 157696K, used 85542K [0x0000000080000000, 0x0000000100000000)
  region size 1024K, 6 young (6144K), 6 survivors (6144K)
 Metaspace       used 86055K, capacity 88174K, committed 88236K, reserved 1126400K
  class space    used 10821K, capacity 11519K, committed 11520K, reserved 1048576K
}
Event: 191.309 GC heap before
{Heap before GC invocations=37 (full 0):
 garbage-first heap   total 157696K, used 123430K [0x0000000080000000, 0x0000000100000000)
  region size 1024K, 44 young (45056K), 6 survivors (6144K)
 Metaspace       used 86112K, capacity 88175K, committed 88236K, reserved 1126400K
  class space    used 10821K, capacity 11519K, committed 11520K, reserved 1048576K
}
Event: 191.314 GC heap after
{Heap after GC invocations=38 (full 0):
 garbage-first heap   total 157696K, used 85226K [0x0000000080000000, 0x0000000100000000)
  region size 1024K, 2 young (2048K), 2 survivors (2048K)
 Metaspace       used 86112K, capacity 88175K, committed 88236K, reserved 1126400K
  class space    used 10821K, capacity 11519K, committed 11520K, reserved 1048576K
}
Event: 191.826 GC heap before
{Heap before GC invocations=38 (full 0):
 garbage-first heap   total 157696K, used 138474K [0x0000000080000000, 0x0000000100000000)
  region size 1024K, 38 young (38912K), 2 survivors (2048K)
 Metaspace       used 86349K, capacity 88454K, committed 88620K, reserved 1126400K
  class space    used 10840K, capacity 11564K, committed 11648K, reserved 1048576K
}
Event: 191.830 GC heap after
{Heap after GC invocations=39 (full 0):
 garbage-first heap   total 157696K, used 90187K [0x0000000080000000, 0x0000000100000000)
  region size 1024K, 3 young (3072K), 3 survivors (3072K)
 Metaspace       used 86349K, capacity 88454K, committed 88620K, reserved 1126400K
  class space    used 10840K, capacity 11564K, committed 11648K, reserved 1048576K
}
Event: 1136.779 GC heap before
{Heap before GC invocations=40 (full 0):
 garbage-first heap   total 157696K, used 141387K [0x0000000080000000, 0x0000000100000000)
  region size 1024K, 40 young (40960K), 3 survivors (3072K)
 Metaspace       used 88451K, capacity 90824K, committed 90924K, reserved 1128448K
  class space    used 11079K, capacity 11886K, committed 11904K, reserved 1048576K
}
Event: 1136.782 GC heap after
{Heap after GC invocations=41 (full 0):
 garbage-first heap   total 157696K, used 97513K [0x0000000080000000, 0x0000000100000000)
  region size 1024K, 5 young (5120K), 5 survivors (5120K)
 Metaspace       used 88451K, capacity 90824K, committed 90924K, reserved 1128448K
  class space    used 11079K, capacity 11886K, committed 11904K, reserved 1048576K
}
Event: 1136.824 GC heap before
{Heap before GC invocations=41 (full 0):
 garbage-first heap   total 157696K, used 98537K [0x0000000080000000, 0x0000000100000000)
  region size 1024K, 7 young (7168K), 5 survivors (5120K)
 Metaspace       used 88931K, capacity 91307K, committed 91564K, reserved 1128448K
  class space    used 11111K, capacity 11919K, committed 12032K, reserved 1048576K
}

